<?xml version="1.0" encoding="UTF-8"?>
<!-- Generated by org.testng.reporters.JUnitReportReporter -->
<testsuite hostname="LAPTOP-TF46MKHJ" failures="0" tests="2" name="org.test.practice.TestNgPracticeTest" time="0.141" errors="0" timestamp="18 Jul 2022 10:42:47 GMT">
  <testcase classname="org.test.practice.TestNgPracticeTest" name="create" time="0.003"/>
  <testcase classname="org.test.practice.TestNgPracticeTest" name="Delete" time="0.138"/>
</testsuite> <!-- org.test.practice.TestNgPracticeTest -->
