<?xml version="1.0" encoding="UTF-8"?>
<!-- Generated by org.testng.reporters.JUnitReportReporter -->
<testsuite hostname="LAPTOP-TF46MKHJ" failures="0" tests="2" name="org.test.practice.TestNgPractice" time="0.024" errors="0" timestamp="18 Jul 2022 10:29:47 GMT">
  <testcase classname="org.test.practice.TestNgPractice" name="CreateCustomer" time="0.023"/>
  <testcase classname="org.test.practice.TestNgPractice" name="DeleteCustomer" time="0.001"/>
</testsuite> <!-- org.test.practice.TestNgPractice -->
